[debug] [2023-08-30T06:42:11.883Z] ----------------------------------------------------------------------
[debug] [2023-08-30T06:42:11.885Z] Command:       C:\Program Files\nodejs\node.exe C:\Users\Mahdi\AppData\Local\Yarn\Data\global\node_modules\firebase-tools\lib\bin\firebase.js deploy --only functions
[debug] [2023-08-30T06:42:11.885Z] CLI Version:   12.4.7
[debug] [2023-08-30T06:42:11.886Z] Platform:      win32
[debug] [2023-08-30T06:42:11.886Z] Node Version:  v18.17.0
[debug] [2023-08-30T06:42:11.900Z] Time:          Wed Aug 30 2023 02:42:11 GMT-0400 (Eastern Daylight Time)
[debug] [2023-08-30T06:42:11.900Z] ----------------------------------------------------------------------
[debug] 
[debug] [2023-08-30T06:42:11.971Z] > command requires scopes: ["email","openid","https://www.googleapis.com/auth/cloudplatformprojects.readonly","https://www.googleapis.com/auth/firebase","https://www.googleapis.com/auth/cloud-platform"]
[debug] [2023-08-30T06:42:11.972Z] > authorizing via signed-in user (alizada.mahdi73@gmail.com)
[debug] [2023-08-30T06:42:11.972Z] [iam] checking project fir-recipes-6de29 for permissions ["cloudfunctions.functions.create","cloudfunctions.functions.delete","cloudfunctions.functions.get","cloudfunctions.functions.list","cloudfunctions.functions.update","cloudfunctions.operations.get","firebase.projects.get"]
[debug] [2023-08-30T06:42:11.976Z] > refreshing access token with scopes: []
[debug] [2023-08-30T06:42:11.977Z] >>> [apiv2][query] POST https://www.googleapis.com/oauth2/v3/token [none]
[debug] [2023-08-30T06:42:11.978Z] >>> [apiv2][body] POST https://www.googleapis.com/oauth2/v3/token [omitted]
[debug] [2023-08-30T06:42:13.792Z] <<< [apiv2][status] POST https://www.googleapis.com/oauth2/v3/token 200
[debug] [2023-08-30T06:42:13.793Z] <<< [apiv2][body] POST https://www.googleapis.com/oauth2/v3/token [omitted]
[debug] [2023-08-30T06:42:13.804Z] >>> [apiv2][query] POST https://cloudresourcemanager.googleapis.com/v1/projects/fir-recipes-6de29:testIamPermissions [none]
[debug] [2023-08-30T06:42:13.804Z] >>> [apiv2][(partial)header] POST https://cloudresourcemanager.googleapis.com/v1/projects/fir-recipes-6de29:testIamPermissions x-goog-quota-user=projects/fir-recipes-6de29
[debug] [2023-08-30T06:42:13.805Z] >>> [apiv2][body] POST https://cloudresourcemanager.googleapis.com/v1/projects/fir-recipes-6de29:testIamPermissions {"permissions":["cloudfunctions.functions.create","cloudfunctions.functions.delete","cloudfunctions.functions.get","cloudfunctions.functions.list","cloudfunctions.functions.update","cloudfunctions.operations.get","firebase.projects.get"]}
[debug] [2023-08-30T06:42:15.530Z] <<< [apiv2][status] POST https://cloudresourcemanager.googleapis.com/v1/projects/fir-recipes-6de29:testIamPermissions 200
[debug] [2023-08-30T06:42:15.531Z] <<< [apiv2][body] POST https://cloudresourcemanager.googleapis.com/v1/projects/fir-recipes-6de29:testIamPermissions {"permissions":["cloudfunctions.functions.create","cloudfunctions.functions.delete","cloudfunctions.functions.get","cloudfunctions.functions.list","cloudfunctions.functions.update","cloudfunctions.operations.get","firebase.projects.get"]}
[debug] [2023-08-30T06:42:15.533Z] >>> [apiv2][query] POST https://iam.googleapis.com/v1/projects/fir-recipes-6de29/serviceAccounts/fir-recipes-6de29@appspot.gserviceaccount.com:testIamPermissions [none]
[debug] [2023-08-30T06:42:15.533Z] >>> [apiv2][body] POST https://iam.googleapis.com/v1/projects/fir-recipes-6de29/serviceAccounts/fir-recipes-6de29@appspot.gserviceaccount.com:testIamPermissions {"permissions":["iam.serviceAccounts.actAs"]}
[debug] [2023-08-30T06:42:17.306Z] <<< [apiv2][status] POST https://iam.googleapis.com/v1/projects/fir-recipes-6de29/serviceAccounts/fir-recipes-6de29@appspot.gserviceaccount.com:testIamPermissions 200
[debug] [2023-08-30T06:42:17.306Z] <<< [apiv2][body] POST https://iam.googleapis.com/v1/projects/fir-recipes-6de29/serviceAccounts/fir-recipes-6de29@appspot.gserviceaccount.com:testIamPermissions {"permissions":["iam.serviceAccounts.actAs"]}
[info] 
[info] === Deploying to 'fir-recipes-6de29'...
[info] 
[info] i  deploying functions 
[debug] [2023-08-30T06:42:17.309Z] >>> [apiv2][query] GET https://firebase.googleapis.com/v1beta1/projects/fir-recipes-6de29 [none]
[debug] [2023-08-30T06:42:19.208Z] <<< [apiv2][status] GET https://firebase.googleapis.com/v1beta1/projects/fir-recipes-6de29 200
[debug] [2023-08-30T06:42:19.208Z] <<< [apiv2][body] GET https://firebase.googleapis.com/v1beta1/projects/fir-recipes-6de29 {"projectId":"fir-recipes-6de29","projectNumber":"891109590366","displayName":"firebase-recipes","name":"projects/fir-recipes-6de29","resources":{"hostingSite":"fir-recipes-6de29","storageBucket":"fir-recipes-6de29.appspot.com","locationId":"northamerica-northeast1"},"state":"ACTIVE","etag":"1_0ecfcb06-8689-4bae-889d-71b1bb10ad11"}
[info] i  functions: preparing codebase default for deployment 
[info] i  functions: ensuring required API cloudfunctions.googleapis.com is enabled... 
[info] i  functions: ensuring required API cloudbuild.googleapis.com is enabled... 
[info] i  artifactregistry: ensuring required API artifactregistry.googleapis.com is enabled... 
[debug] [2023-08-30T06:42:19.211Z] >>> [apiv2][query] GET https://serviceusage.googleapis.com/v1/projects/fir-recipes-6de29/services/cloudfunctions.googleapis.com [none]
[debug] [2023-08-30T06:42:19.211Z] >>> [apiv2][(partial)header] GET https://serviceusage.googleapis.com/v1/projects/fir-recipes-6de29/services/cloudfunctions.googleapis.com x-goog-quota-user=projects/fir-recipes-6de29
[debug] [2023-08-30T06:42:19.212Z] >>> [apiv2][query] GET https://serviceusage.googleapis.com/v1/projects/fir-recipes-6de29/services/runtimeconfig.googleapis.com [none]
[debug] [2023-08-30T06:42:19.213Z] >>> [apiv2][(partial)header] GET https://serviceusage.googleapis.com/v1/projects/fir-recipes-6de29/services/runtimeconfig.googleapis.com x-goog-quota-user=projects/fir-recipes-6de29
[debug] [2023-08-30T06:42:19.213Z] >>> [apiv2][query] GET https://serviceusage.googleapis.com/v1/projects/fir-recipes-6de29/services/cloudbuild.googleapis.com [none]
[debug] [2023-08-30T06:42:19.214Z] >>> [apiv2][(partial)header] GET https://serviceusage.googleapis.com/v1/projects/fir-recipes-6de29/services/cloudbuild.googleapis.com x-goog-quota-user=projects/fir-recipes-6de29
[debug] [2023-08-30T06:42:19.215Z] >>> [apiv2][query] GET https://serviceusage.googleapis.com/v1/projects/fir-recipes-6de29/services/artifactregistry.googleapis.com [none]
[debug] [2023-08-30T06:42:19.215Z] >>> [apiv2][(partial)header] GET https://serviceusage.googleapis.com/v1/projects/fir-recipes-6de29/services/artifactregistry.googleapis.com x-goog-quota-user=projects/fir-recipes-6de29
[debug] [2023-08-30T06:42:21.193Z] <<< [apiv2][status] GET https://serviceusage.googleapis.com/v1/projects/fir-recipes-6de29/services/cloudbuild.googleapis.com 200
[debug] [2023-08-30T06:42:21.193Z] <<< [apiv2][body] GET https://serviceusage.googleapis.com/v1/projects/fir-recipes-6de29/services/cloudbuild.googleapis.com [omitted]
[info] +  functions: required API cloudbuild.googleapis.com is enabled 
[debug] [2023-08-30T06:42:21.203Z] <<< [apiv2][status] GET https://serviceusage.googleapis.com/v1/projects/fir-recipes-6de29/services/cloudfunctions.googleapis.com 200
[debug] [2023-08-30T06:42:21.203Z] <<< [apiv2][body] GET https://serviceusage.googleapis.com/v1/projects/fir-recipes-6de29/services/cloudfunctions.googleapis.com [omitted]
[info] +  functions: required API cloudfunctions.googleapis.com is enabled 
[debug] [2023-08-30T06:42:21.211Z] <<< [apiv2][status] GET https://serviceusage.googleapis.com/v1/projects/fir-recipes-6de29/services/runtimeconfig.googleapis.com 200
[debug] [2023-08-30T06:42:21.211Z] <<< [apiv2][body] GET https://serviceusage.googleapis.com/v1/projects/fir-recipes-6de29/services/runtimeconfig.googleapis.com [omitted]
[debug] [2023-08-30T06:42:21.213Z] <<< [apiv2][status] GET https://serviceusage.googleapis.com/v1/projects/fir-recipes-6de29/services/artifactregistry.googleapis.com 200
[debug] [2023-08-30T06:42:21.213Z] <<< [apiv2][body] GET https://serviceusage.googleapis.com/v1/projects/fir-recipes-6de29/services/artifactregistry.googleapis.com [omitted]
[info] +  artifactregistry: required API artifactregistry.googleapis.com is enabled 
[debug] [2023-08-30T06:42:21.215Z] >>> [apiv2][query] GET https://firebase.googleapis.com/v1beta1/projects/fir-recipes-6de29/adminSdkConfig [none]
[debug] [2023-08-30T06:42:21.458Z] <<< [apiv2][status] GET https://firebase.googleapis.com/v1beta1/projects/fir-recipes-6de29/adminSdkConfig 200
[debug] [2023-08-30T06:42:21.458Z] <<< [apiv2][body] GET https://firebase.googleapis.com/v1beta1/projects/fir-recipes-6de29/adminSdkConfig {"projectId":"fir-recipes-6de29","storageBucket":"fir-recipes-6de29.appspot.com","locationId":"northamerica-northeast1"}
[debug] [2023-08-30T06:42:21.460Z] >>> [apiv2][query] GET https://runtimeconfig.googleapis.com/v1beta1/projects/fir-recipes-6de29/configs [none]
[debug] [2023-08-30T06:42:21.721Z] <<< [apiv2][status] GET https://runtimeconfig.googleapis.com/v1beta1/projects/fir-recipes-6de29/configs 200
[debug] [2023-08-30T06:42:21.721Z] <<< [apiv2][body] GET https://runtimeconfig.googleapis.com/v1beta1/projects/fir-recipes-6de29/configs {}
[debug] [2023-08-30T06:42:21.727Z] Validating nodejs source
[debug] [2023-08-30T06:42:24.145Z] > [functions] package.json contents: {
  "name": "functions",
  "description": "Cloud Functions for Firebase",
  "scripts": {
    "serve": "firebase emulators:start --only functions",
    "shell": "firebase functions:shell",
    "start": "npm run shell",
    "deploy": "firebase deploy --only functions",
    "logs": "firebase functions:log"
  },
  "engines": {
    "node": "18"
  },
  "main": "index.js",
  "dependencies": {
    "body-parser": "1.20.2",
    "cors": "2.8.5",
    "express": "4.18.2",
    "firebase-admin": "^11.8.0",
    "firebase-functions": "^4.3.1"
  },
  "devDependencies": {
    "firebase-functions-test": "^3.1.0"
  },
  "private": true
}
[debug] [2023-08-30T06:42:24.145Z] Building nodejs source
[info] i  functions: Loading and analyzing source code for codebase default to determine what to deploy 
[debug] [2023-08-30T06:42:24.146Z] Could not find functions.yaml. Must use http discovery
[debug] [2023-08-30T06:42:24.154Z] Found firebase-functions binary at 'C:\Users\Mahdi\Documents\FirebaseProject\code\firebase-recipes-web-appl\functions\node_modules\.bin\firebase-functions'
[info] Serving at port 8799

[info] SERVER STARTED!

[info] api started

[debug] [2023-08-30T06:42:25.222Z] Got response from /__/functions.yaml {"endpoints":{"api":{"platform":"gcfv1","availableMemoryMb":null,"timeoutSeconds":null,"minInstances":null,"maxInstances":null,"ingressSettings":null,"serviceAccountEmail":null,"vpc":null,"httpsTrigger":{},"entryPoint":"api"},"onCreateRecipe":{"platform":"gcfv1","availableMemoryMb":null,"timeoutSeconds":null,"minInstances":null,"maxInstances":null,"ingressSettings":null,"serviceAccountEmail":null,"vpc":null,"eventTrigger":{"eventType":"providers/cloud.firestore/eventTypes/document.create","eventFilters":{"resource":"projects/fir-recipes-6de29/databases/(default)/documents/recipes/{recipeId}"},"retry":false},"labels":{},"entryPoint":"onCreateRecipe"},"onUpdateRecipe":{"platform":"gcfv1","availableMemoryMb":null,"timeoutSeconds":null,"minInstances":null,"maxInstances":null,"ingressSettings":null,"serviceAccountEmail":null,"vpc":null,"eventTrigger":{"eventType":"providers/cloud.firestore/eventTypes/document.update","eventFilters":{"resource":"projects/fir-recipes-6de29/databases/(default)/documents/recipes/{recipeId}"},"retry":false},"labels":{},"entryPoint":"onUpdateRecipe"},"onDeleteRecipe":{"platform":"gcfv1","availableMemoryMb":null,"timeoutSeconds":null,"minInstances":null,"maxInstances":null,"ingressSettings":null,"serviceAccountEmail":null,"vpc":null,"eventTrigger":{"eventType":"providers/cloud.firestore/eventTypes/document.delete","eventFilters":{"resource":"projects/fir-recipes-6de29/databases/(default)/documents/recipes/{recipeId}"},"retry":false},"labels":{},"entryPoint":"onDeleteRecipe"},"dailyCheckRecipePublishDate":{"platform":"gcfv1","availableMemoryMb":256,"timeoutSeconds":300,"minInstances":null,"maxInstances":null,"ingressSettings":null,"serviceAccountEmail":null,"vpc":null,"scheduleTrigger":{"schedule":"0 0 * * *","retryConfig":{"retryCount":null,"maxDoublings":null,"maxRetryDuration":null,"maxBackoffDuration":null,"minBackoffDuration":null},"timeZone":null},"labels":{},"entryPoint":"dailyCheckRecipePublishDate"}},"specVersion":"v1alpha1","requiredAPIs":[{"api":"cloudscheduler.googleapis.com","reason":"Needed for scheduled functions."}]}
[info] shutdown requested via /__/quitquitquit

[info] i  functions: preparing functions directory for uploading... 
[info] i  functions: packaged C:\Users\Mahdi\Documents\FirebaseProject\code\firebase-recipes-web-appl\functions (106.66 KB) for uploading 
[debug] [2023-08-30T06:42:35.327Z] >>> [apiv2][query] GET https://cloudfunctions.googleapis.com/v1/projects/fir-recipes-6de29/locations/-/functions [none]
[debug] [2023-08-30T06:42:35.847Z] <<< [apiv2][status] GET https://cloudfunctions.googleapis.com/v1/projects/fir-recipes-6de29/locations/-/functions 200
[debug] [2023-08-30T06:42:35.847Z] <<< [apiv2][body] GET https://cloudfunctions.googleapis.com/v1/projects/fir-recipes-6de29/locations/-/functions {"functions":[{"name":"projects/fir-recipes-6de29/locations/us-central1/functions/api","httpsTrigger":{"url":"https://us-central1-fir-recipes-6de29.cloudfunctions.net/api","securityLevel":"SECURE_ALWAYS"},"status":"ACTIVE","entryPoint":"api","timeout":"60s","availableMemoryMb":256,"serviceAccountEmail":"fir-recipes-6de29@appspot.gserviceaccount.com","updateTime":"2023-08-30T04:43:14.392Z","versionId":"1","labels":{"deployment-tool":"cli-firebase","firebase-functions-hash":"391a83439e2c9f7fd8c1e64ef89342b3ea68f10c"},"sourceUploadUrl":"https://storage.googleapis.com/uploads-227472639889.us-central1.cloudfunctions.appspot.com/aec6600d-900d-445b-b449-400b17b485e0.zip","environmentVariables":{"FIREBASE_CONFIG":"{\"projectId\":\"fir-recipes-6de29\",\"storageBucket\":\"fir-recipes-6de29.appspot.com\",\"locationId\":\"northamerica-northeast1\"}","GCLOUD_PROJECT":"fir-recipes-6de29","EVENTARC_CLOUD_EVENT_SOURCE":"projects/fir-recipes-6de29/locations/us-central1/functions/api"},"runtime":"nodejs18","ingressSettings":"ALLOW_ALL","buildId":"1b8a2066-0dbb-4680-8bb4-8486d69c1ac0","buildEnvironmentVariables":{"GOOGLE_NODE_RUN_SCRIPTS":""},"buildName":"projects/891109590366/locations/us-central1/builds/1b8a2066-0dbb-4680-8bb4-8486d69c1ac0","dockerRegistry":"ARTIFACT_REGISTRY"},{"name":"projects/fir-recipes-6de29/locations/us-central1/functions/dailyCheckRecipePublishDate","eventTrigger":{"eventType":"google.pubsub.topic.publish","resource":"projects/fir-recipes-6de29/topics/firebase-schedule-dailyCheckRecipePublishDate-us-central1","service":"pubsub.googleapis.com","failurePolicy":{}},"status":"ACTIVE","entryPoint":"dailyCheckRecipePublishDate","timeout":"300s","availableMemoryMb":256,"serviceAccountEmail":"fir-recipes-6de29@appspot.gserviceaccount.com","updateTime":"2023-08-30T04:43:09.304Z","versionId":"2","labels":{"deployment-tool":"cli-firebase","deployment-scheduled":"true","firebase-functions-hash":"391a83439e2c9f7fd8c1e64ef89342b3ea68f10c"},"sourceUploadUrl":"https://storage.googleapis.com/uploads-227472639889.us-central1.cloudfunctions.appspot.com/aec6600d-900d-445b-b449-400b17b485e0.zip","environmentVariables":{"FIREBASE_CONFIG":"{\"projectId\":\"fir-recipes-6de29\",\"storageBucket\":\"fir-recipes-6de29.appspot.com\",\"locationId\":\"northamerica-northeast1\"}","GCLOUD_PROJECT":"fir-recipes-6de29","EVENTARC_CLOUD_EVENT_SOURCE":"projects/fir-recipes-6de29/locations/us-central1/functions/dailyCheckRecipePublishDate"},"runtime":"nodejs18","maxInstances":3000,"ingressSettings":"ALLOW_ALL","buildId":"a795f84b-6b5d-456a-9d4a-8ed88c0dbe30","buildEnvironmentVariables":{"GOOGLE_NODE_RUN_SCRIPTS":""},"buildName":"projects/891109590366/locations/us-central1/builds/a795f84b-6b5d-456a-9d4a-8ed88c0dbe30","dockerRegistry":"ARTIFACT_REGISTRY"},{"name":"projects/fir-recipes-6de29/locations/us-central1/functions/onCreateRecipe","eventTrigger":{"eventType":"providers/cloud.firestore/eventTypes/document.create","resource":"projects/fir-recipes-6de29/databases/(default)/documents/recipes/{recipeId}","service":"firestore.googleapis.com","failurePolicy":{}},"status":"ACTIVE","entryPoint":"onCreateRecipe","timeout":"60s","availableMemoryMb":256,"serviceAccountEmail":"fir-recipes-6de29@appspot.gserviceaccount.com","updateTime":"2023-08-30T04:43:24.131Z","versionId":"5","labels":{"deployment-tool":"cli-firebase","firebase-functions-hash":"391a83439e2c9f7fd8c1e64ef89342b3ea68f10c"},"sourceUploadUrl":"https://storage.googleapis.com/uploads-227472639889.us-central1.cloudfunctions.appspot.com/aec6600d-900d-445b-b449-400b17b485e0.zip","environmentVariables":{"FIREBASE_CONFIG":"{\"projectId\":\"fir-recipes-6de29\",\"storageBucket\":\"fir-recipes-6de29.appspot.com\",\"locationId\":\"northamerica-northeast1\"}","GCLOUD_PROJECT":"fir-recipes-6de29","EVENTARC_CLOUD_EVENT_SOURCE":"projects/fir-recipes-6de29/locations/us-central1/functions/onCreateRecipe"},"runtime":"nodejs18","maxInstances":3000,"ingressSettings":"ALLOW_ALL","buildId":"1b8a2066-0dbb-4680-8bb4-8486d69c1ac0","buildEnvironmentVariables":{"GOOGLE_NODE_RUN_SCRIPTS":""},"buildName":"projects/891109590366/locations/us-central1/builds/1b8a2066-0dbb-4680-8bb4-8486d69c1ac0","dockerRegistry":"ARTIFACT_REGISTRY"},{"name":"projects/fir-recipes-6de29/locations/us-central1/functions/onDeleteRecipe","eventTrigger":{"eventType":"providers/cloud.firestore/eventTypes/document.delete","resource":"projects/fir-recipes-6de29/databases/(default)/documents/recipes/{recipeId}","service":"firestore.googleapis.com","failurePolicy":{}},"status":"ACTIVE","entryPoint":"onDeleteRecipe","timeout":"60s","availableMemoryMb":256,"serviceAccountEmail":"fir-recipes-6de29@appspot.gserviceaccount.com","updateTime":"2023-08-30T04:43:31.820Z","versionId":"4","labels":{"deployment-tool":"cli-firebase","firebase-functions-hash":"391a83439e2c9f7fd8c1e64ef89342b3ea68f10c"},"sourceUploadUrl":"https://storage.googleapis.com/uploads-227472639889.us-central1.cloudfunctions.appspot.com/aec6600d-900d-445b-b449-400b17b485e0.zip","environmentVariables":{"FIREBASE_CONFIG":"{\"projectId\":\"fir-recipes-6de29\",\"storageBucket\":\"fir-recipes-6de29.appspot.com\",\"locationId\":\"northamerica-northeast1\"}","GCLOUD_PROJECT":"fir-recipes-6de29","EVENTARC_CLOUD_EVENT_SOURCE":"projects/fir-recipes-6de29/locations/us-central1/functions/onDeleteRecipe"},"runtime":"nodejs18","maxInstances":3000,"ingressSettings":"ALLOW_ALL","buildId":"1b8a2066-0dbb-4680-8bb4-8486d69c1ac0","buildEnvironmentVariables":{"GOOGLE_NODE_RUN_SCRIPTS":""},"buildName":"projects/891109590366/locations/us-central1/builds/1b8a2066-0dbb-4680-8bb4-8486d69c1ac0","dockerRegistry":"ARTIFACT_REGISTRY"},{"name":"projects/fir-recipes-6de29/locations/us-central1/functions/onUpdateRecipe","eventTrigger":{"eventType":"providers/cloud.firestore/eventTypes/document.update","resource":"projects/fir-recipes-6de29/databases/(default)/documents/recipes/{recipeId}","service":"firestore.googleapis.com","failurePolicy":{}},"status":"ACTIVE","entryPoint":"onUpdateRecipe","timeout":"60s","availableMemoryMb":256,"serviceAccountEmail":"fir-recipes-6de29@appspot.gserviceaccount.com","updateTime":"2023-08-30T04:43:24.817Z","versionId":"3","labels":{"deployment-tool":"cli-firebase","firebase-functions-hash":"391a83439e2c9f7fd8c1e64ef89342b3ea68f10c"},"sourceUploadUrl":"https://storage.googleapis.com/uploads-227472639889.us-central1.cloudfunctions.appspot.com/aec6600d-900d-445b-b449-400b17b485e0.zip","environmentVariables":{"FIREBASE_CONFIG":"{\"projectId\":\"fir-recipes-6de29\",\"storageBucket\":\"fir-recipes-6de29.appspot.com\",\"locationId\":\"northamerica-northeast1\"}","GCLOUD_PROJECT":"fir-recipes-6de29","EVENTARC_CLOUD_EVENT_SOURCE":"projects/fir-recipes-6de29/locations/us-central1/functions/onUpdateRecipe"},"runtime":"nodejs18","maxInstances":3000,"ingressSettings":"ALLOW_ALL","buildId":"1b8a2066-0dbb-4680-8bb4-8486d69c1ac0","buildEnvironmentVariables":{"GOOGLE_NODE_RUN_SCRIPTS":""},"buildName":"projects/891109590366/locations/us-central1/builds/1b8a2066-0dbb-4680-8bb4-8486d69c1ac0","dockerRegistry":"ARTIFACT_REGISTRY"}]}
[debug] [2023-08-30T06:42:35.850Z] >>> [apiv2][query] GET https://cloudfunctions.googleapis.com/v2/projects/fir-recipes-6de29/locations/-/functions filter=environment%3D%22GEN_2%22
[debug] [2023-08-30T06:42:36.379Z] <<< [apiv2][status] GET https://cloudfunctions.googleapis.com/v2/projects/fir-recipes-6de29/locations/-/functions 200
[debug] [2023-08-30T06:42:36.380Z] <<< [apiv2][body] GET https://cloudfunctions.googleapis.com/v2/projects/fir-recipes-6de29/locations/-/functions {}
[info] i  functions: ensuring required API cloudscheduler.googleapis.com is enabled... 
[debug] [2023-08-30T06:42:36.387Z] >>> [apiv2][query] GET https://serviceusage.googleapis.com/v1/projects/fir-recipes-6de29/services/cloudscheduler.googleapis.com [none]
[debug] [2023-08-30T06:42:36.387Z] >>> [apiv2][(partial)header] GET https://serviceusage.googleapis.com/v1/projects/fir-recipes-6de29/services/cloudscheduler.googleapis.com x-goog-quota-user=projects/fir-recipes-6de29
[debug] [2023-08-30T06:42:36.816Z] <<< [apiv2][status] GET https://serviceusage.googleapis.com/v1/projects/fir-recipes-6de29/services/cloudscheduler.googleapis.com 200
[debug] [2023-08-30T06:42:36.817Z] <<< [apiv2][body] GET https://serviceusage.googleapis.com/v1/projects/fir-recipes-6de29/services/cloudscheduler.googleapis.com [omitted]
[info] +  functions: required API cloudscheduler.googleapis.com is enabled 
[debug] [2023-08-30T06:42:36.819Z] >>> [apiv2][query] GET https://firebase.googleapis.com/v1beta1/projects/fir-recipes-6de29 [none]
[debug] [2023-08-30T06:42:37.143Z] <<< [apiv2][status] GET https://firebase.googleapis.com/v1beta1/projects/fir-recipes-6de29 200
[debug] [2023-08-30T06:42:37.143Z] <<< [apiv2][body] GET https://firebase.googleapis.com/v1beta1/projects/fir-recipes-6de29 {"projectId":"fir-recipes-6de29","projectNumber":"891109590366","displayName":"firebase-recipes","name":"projects/fir-recipes-6de29","resources":{"hostingSite":"fir-recipes-6de29","storageBucket":"fir-recipes-6de29.appspot.com","locationId":"northamerica-northeast1"},"state":"ACTIVE","etag":"1_0ecfcb06-8689-4bae-889d-71b1bb10ad11"}
[debug] [2023-08-30T06:42:37.151Z] >>> [apiv2][query] POST https://cloudfunctions.googleapis.com/v1/projects/fir-recipes-6de29/locations/us-central1/functions:generateUploadUrl [none]
[debug] [2023-08-30T06:42:37.152Z] >>> [apiv2][body] POST https://cloudfunctions.googleapis.com/v1/projects/fir-recipes-6de29/locations/us-central1/functions:generateUploadUrl {}
[debug] [2023-08-30T06:42:37.681Z] <<< [apiv2][status] POST https://cloudfunctions.googleapis.com/v1/projects/fir-recipes-6de29/locations/us-central1/functions:generateUploadUrl 200
[debug] [2023-08-30T06:42:37.681Z] <<< [apiv2][body] POST https://cloudfunctions.googleapis.com/v1/projects/fir-recipes-6de29/locations/us-central1/functions:generateUploadUrl {"uploadUrl":"https://storage.googleapis.com/uploads-227472639889.us-central1.cloudfunctions.appspot.com/ba86ff6a-b328-449a-a00d-fb3283e72800.zip?GoogleAccessId=service-891109590366@gcf-admin-robot.iam.gserviceaccount.com&Expires=1693379558&Signature=Ts%2BwP%2BjsEwnnKPoRhLgqDcCVkOY9cPSczkqm%2BGp0GJgfGjpsi2AZvBcyklaVaejPVRwp8l%2BTSI6MgR8vH8VaNGksfoH7t0sT%2FfVCiFNLMvRnjY%2FF95UuANlm31AbHzVZgYKB%2FZw%2B0l4mWkhEXG2QYL2m3XniaY8yH5HM49Apuv1IHRzvWIm%2FR3be8Ej45NhSVvmIeLjFH1VYT%2Bqf5RCHsQa5zYvk6Wq8TeFFSuBqUIkaZnsIGsKJ%2B%2BVUCq1Id7EWyMsL6b5XrOsXjKvGI2anPCNaqxJ%2FeUPvx3%2BzW128PfKgNInIMzMPeDdTvAaqgxibW5J6kssAJ%2B9aI79on5G%2BCA%3D%3D"}
[debug] [2023-08-30T06:42:37.683Z] >>> [apiv2][query] PUT https://storage.googleapis.com/uploads-227472639889.us-central1.cloudfunctions.appspot.com/ba86ff6a-b328-449a-a00d-fb3283e72800.zip GoogleAccessId=service-891109590366%40gcf-admin-robot.iam.gserviceaccount.com&Expires=1693379558&Signature=Ts%2BwP%2BjsEwnnKPoRhLgqDcCVkOY9cPSczkqm%2BGp0GJgfGjpsi2AZvBcyklaVaejPVRwp8l%2BTSI6MgR8vH8VaNGksfoH7t0sT%2FfVCiFNLMvRnjY%2FF95UuANlm31AbHzVZgYKB%2FZw%2B0l4mWkhEXG2QYL2m3XniaY8yH5HM49Apuv1IHRzvWIm%2FR3be8Ej45NhSVvmIeLjFH1VYT%2Bqf5RCHsQa5zYvk6Wq8TeFFSuBqUIkaZnsIGsKJ%2B%2BVUCq1Id7EWyMsL6b5XrOsXjKvGI2anPCNaqxJ%2FeUPvx3%2BzW128PfKgNInIMzMPeDdTvAaqgxibW5J6kssAJ%2B9aI79on5G%2BCA%3D%3D
[debug] [2023-08-30T06:42:37.683Z] >>> [apiv2][body] PUT https://storage.googleapis.com/uploads-227472639889.us-central1.cloudfunctions.appspot.com/ba86ff6a-b328-449a-a00d-fb3283e72800.zip [stream]
[debug] [2023-08-30T06:42:38.000Z] <<< [apiv2][status] PUT https://storage.googleapis.com/uploads-227472639889.us-central1.cloudfunctions.appspot.com/ba86ff6a-b328-449a-a00d-fb3283e72800.zip 200
[debug] [2023-08-30T06:42:38.000Z] <<< [apiv2][body] PUT https://storage.googleapis.com/uploads-227472639889.us-central1.cloudfunctions.appspot.com/ba86ff6a-b328-449a-a00d-fb3283e72800.zip [omitted]
[info] +  functions: functions folder uploaded successfully 
[info] i  functions: updating Node.js 18 (1st Gen) function api(us-central1)... 
[info] i  functions: updating Node.js 18 (1st Gen) function onCreateRecipe(us-central1)... 
[info] i  functions: updating Node.js 18 (1st Gen) function onUpdateRecipe(us-central1)... 
[info] i  functions: updating Node.js 18 (1st Gen) function onDeleteRecipe(us-central1)... 
[info] i  functions: updating Node.js 18 (1st Gen) function dailyCheckRecipePublishDate(us-central1)... 
[debug] [2023-08-30T06:42:38.007Z] >>> [apiv2][query] PATCH https://cloudfunctions.googleapis.com/v1/projects/fir-recipes-6de29/locations/us-central1/functions/api updateMask=name%2CsourceUploadUrl%2CentryPoint%2Cruntime%2CdockerRegistry%2Clabels%2ChttpsTrigger.securityLevel%2CminInstances%2CmaxInstances%2CingressSettings%2CenvironmentVariables%2CserviceAccountEmail%2CavailableMemoryMb%2Ctimeout%2CvpcConnector%2CvpcConnectorEgressSettings%2CsourceToken%2CbuildEnvironmentVariables
[debug] [2023-08-30T06:42:38.007Z] >>> [apiv2][body] PATCH https://cloudfunctions.googleapis.com/v1/projects/fir-recipes-6de29/locations/us-central1/functions/api {"name":"projects/fir-recipes-6de29/locations/us-central1/functions/api","sourceUploadUrl":"https://storage.googleapis.com/uploads-227472639889.us-central1.cloudfunctions.appspot.com/ba86ff6a-b328-449a-a00d-fb3283e72800.zip?GoogleAccessId=service-891109590366@gcf-admin-robot.iam.gserviceaccount.com&Expires=1693379558&Signature=Ts%2BwP%2BjsEwnnKPoRhLgqDcCVkOY9cPSczkqm%2BGp0GJgfGjpsi2AZvBcyklaVaejPVRwp8l%2BTSI6MgR8vH8VaNGksfoH7t0sT%2FfVCiFNLMvRnjY%2FF95UuANlm31AbHzVZgYKB%2FZw%2B0l4mWkhEXG2QYL2m3XniaY8yH5HM49Apuv1IHRzvWIm%2FR3be8Ej45NhSVvmIeLjFH1VYT%2Bqf5RCHsQa5zYvk6Wq8TeFFSuBqUIkaZnsIGsKJ%2B%2BVUCq1Id7EWyMsL6b5XrOsXjKvGI2anPCNaqxJ%2FeUPvx3%2BzW128PfKgNInIMzMPeDdTvAaqgxibW5J6kssAJ%2B9aI79on5G%2BCA%3D%3D","entryPoint":"api","runtime":"nodejs18","dockerRegistry":"ARTIFACT_REGISTRY","labels":{"deployment-tool":"cli-firebase","firebase-functions-hash":"a3b2b0e21fc3f57b63dc51b194a2e0a7329382d3"},"httpsTrigger":{"securityLevel":"SECURE_ALWAYS"},"minInstances":null,"maxInstances":null,"ingressSettings":null,"environmentVariables":{"FIREBASE_CONFIG":"{\"projectId\":\"fir-recipes-6de29\",\"storageBucket\":\"fir-recipes-6de29.appspot.com\",\"locationId\":\"northamerica-northeast1\"}","GCLOUD_PROJECT":"fir-recipes-6de29","EVENTARC_CLOUD_EVENT_SOURCE":"projects/fir-recipes-6de29/locations/us-central1/functions/api"},"serviceAccountEmail":null,"availableMemoryMb":null,"timeout":null,"vpcConnector":null,"vpcConnectorEgressSettings":null,"buildEnvironmentVariables":{"GOOGLE_NODE_RUN_SCRIPTS":""}}
[debug] [2023-08-30T06:42:38.009Z] >>> [apiv2][query] PATCH https://cloudfunctions.googleapis.com/v1/projects/fir-recipes-6de29/locations/us-central1/functions/dailyCheckRecipePublishDate updateMask=name%2CsourceUploadUrl%2CentryPoint%2Cruntime%2CdockerRegistry%2Clabels%2CeventTrigger.eventType%2CeventTrigger.resource%2CminInstances%2CmaxInstances%2CingressSettings%2CenvironmentVariables%2CserviceAccountEmail%2CavailableMemoryMb%2Ctimeout%2CvpcConnector%2CvpcConnectorEgressSettings%2CsourceToken%2CbuildEnvironmentVariables
[debug] [2023-08-30T06:42:38.010Z] >>> [apiv2][body] PATCH https://cloudfunctions.googleapis.com/v1/projects/fir-recipes-6de29/locations/us-central1/functions/dailyCheckRecipePublishDate {"name":"projects/fir-recipes-6de29/locations/us-central1/functions/dailyCheckRecipePublishDate","sourceUploadUrl":"https://storage.googleapis.com/uploads-227472639889.us-central1.cloudfunctions.appspot.com/ba86ff6a-b328-449a-a00d-fb3283e72800.zip?GoogleAccessId=service-891109590366@gcf-admin-robot.iam.gserviceaccount.com&Expires=1693379558&Signature=Ts%2BwP%2BjsEwnnKPoRhLgqDcCVkOY9cPSczkqm%2BGp0GJgfGjpsi2AZvBcyklaVaejPVRwp8l%2BTSI6MgR8vH8VaNGksfoH7t0sT%2FfVCiFNLMvRnjY%2FF95UuANlm31AbHzVZgYKB%2FZw%2B0l4mWkhEXG2QYL2m3XniaY8yH5HM49Apuv1IHRzvWIm%2FR3be8Ej45NhSVvmIeLjFH1VYT%2Bqf5RCHsQa5zYvk6Wq8TeFFSuBqUIkaZnsIGsKJ%2B%2BVUCq1Id7EWyMsL6b5XrOsXjKvGI2anPCNaqxJ%2FeUPvx3%2BzW128PfKgNInIMzMPeDdTvAaqgxibW5J6kssAJ%2B9aI79on5G%2BCA%3D%3D","entryPoint":"dailyCheckRecipePublishDate","runtime":"nodejs18","dockerRegistry":"ARTIFACT_REGISTRY","labels":{"deployment-tool":"cli-firebase","deployment-scheduled":"true","firebase-functions-hash":"a3b2b0e21fc3f57b63dc51b194a2e0a7329382d3"},"eventTrigger":{"eventType":"google.pubsub.topic.publish","resource":"projects/fir-recipes-6de29/topics/firebase-schedule-dailyCheckRecipePublishDate-us-central1"},"minInstances":null,"maxInstances":null,"ingressSettings":null,"environmentVariables":{"FIREBASE_CONFIG":"{\"projectId\":\"fir-recipes-6de29\",\"storageBucket\":\"fir-recipes-6de29.appspot.com\",\"locationId\":\"northamerica-northeast1\"}","GCLOUD_PROJECT":"fir-recipes-6de29","EVENTARC_CLOUD_EVENT_SOURCE":"projects/fir-recipes-6de29/locations/us-central1/functions/dailyCheckRecipePublishDate"},"serviceAccountEmail":null,"availableMemoryMb":256,"timeout":"300s","vpcConnector":null,"vpcConnectorEgressSettings":null,"buildEnvironmentVariables":{"GOOGLE_NODE_RUN_SCRIPTS":""}}
[debug] [2023-08-30T06:42:38.453Z] <<< [apiv2][status] PATCH https://cloudfunctions.googleapis.com/v1/projects/fir-recipes-6de29/locations/us-central1/functions/api 200
[debug] [2023-08-30T06:42:38.453Z] <<< [apiv2][body] PATCH https://cloudfunctions.googleapis.com/v1/projects/fir-recipes-6de29/locations/us-central1/functions/api {"name":"operations/ZmlyLXJlY2lwZXMtNmRlMjkvdXMtY2VudHJhbDEvYXBpL2pmSXZYNlNKZGZZ","metadata":{"@type":"type.googleapis.com/google.cloud.functions.v1.OperationMetadataV1","target":"projects/fir-recipes-6de29/locations/us-central1/functions/api","type":"UPDATE_FUNCTION","request":{"@type":"type.googleapis.com/google.cloud.functions.v1.CloudFunction","name":"projects/fir-recipes-6de29/locations/us-central1/functions/api","httpsTrigger":{"url":"https://us-central1-fir-recipes-6de29.cloudfunctions.net/api","securityLevel":"SECURE_ALWAYS"},"status":"ACTIVE","entryPoint":"api","updateTime":"2023-08-30T04:43:14.392Z","versionId":"1","labels":{"deployment-tool":"cli-firebase","firebase-functions-hash":"a3b2b0e21fc3f57b63dc51b194a2e0a7329382d3"},"sourceUploadUrl":"https://storage.googleapis.com/uploads-227472639889.us-central1.cloudfunctions.appspot.com/ba86ff6a-b328-449a-a00d-fb3283e72800.zip?GoogleAccessId=service-891109590366@gcf-admin-robot.iam.gserviceaccount.com&Expires=1693379558&Signature=Ts%2BwP%2BjsEwnnKPoRhLgqDcCVkOY9cPSczkqm%2BGp0GJgfGjpsi2AZvBcyklaVaejPVRwp8l%2BTSI6MgR8vH8VaNGksfoH7t0sT%2FfVCiFNLMvRnjY%2FF95UuANlm31AbHzVZgYKB%2FZw%2B0l4mWkhEXG2QYL2m3XniaY8yH5HM49Apuv1IHRzvWIm%2FR3be8Ej45NhSVvmIeLjFH1VYT%2Bqf5RCHsQa5zYvk6Wq8TeFFSuBqUIkaZnsIGsKJ%2B%2BVUCq1Id7EWyMsL6b5XrOsXjKvGI2anPCNaqxJ%2FeUPvx3%2BzW128PfKgNInIMzMPeDdTvAaqgxibW5J6kssAJ%2B9aI79on5G%2BCA%3D%3D","environmentVariables":{"FIREBASE_CONFIG":"{\"projectId\":\"fir-recipes-6de29\",\"storageBucket\":\"fir-recipes-6de29.appspot.com\",\"locationId\":\"northamerica-northeast1\"}","GCLOUD_PROJECT":"fir-recipes-6de29","EVENTARC_CLOUD_EVENT_SOURCE":"projects/fir-recipes-6de29/locations/us-central1/functions/api"},"runtime":"nodejs18","buildId":"1b8a2066-0dbb-4680-8bb4-8486d69c1ac0","buildEnvironmentVariables":{"GOOGLE_NODE_RUN_SCRIPTS":""},"buildName":"projects/891109590366/locations/us-central1/builds/1b8a2066-0dbb-4680-8bb4-8486d69c1ac0","dockerRegistry":"ARTIFACT_REGISTRY"},"versionId":"2","updateTime":"2023-08-30T06:42:39Z"}}
[debug] [2023-08-30T06:42:38.455Z] >>> [apiv2][query] GET https://cloudfunctions.googleapis.com/v1/operations/ZmlyLXJlY2lwZXMtNmRlMjkvdXMtY2VudHJhbDEvYXBpL2pmSXZYNlNKZGZZ [none]
[debug] [2023-08-30T06:42:38.456Z] <<< [apiv2][status] PATCH https://cloudfunctions.googleapis.com/v1/projects/fir-recipes-6de29/locations/us-central1/functions/dailyCheckRecipePublishDate 200
[debug] [2023-08-30T06:42:38.457Z] <<< [apiv2][body] PATCH https://cloudfunctions.googleapis.com/v1/projects/fir-recipes-6de29/locations/us-central1/functions/dailyCheckRecipePublishDate {"name":"operations/ZmlyLXJlY2lwZXMtNmRlMjkvdXMtY2VudHJhbDEvZGFpbHlDaGVja1JlY2lwZVB1Ymxpc2hEYXRlL2VNeHB2ai1qU21B","metadata":{"@type":"type.googleapis.com/google.cloud.functions.v1.OperationMetadataV1","target":"projects/fir-recipes-6de29/locations/us-central1/functions/dailyCheckRecipePublishDate","type":"UPDATE_FUNCTION","request":{"@type":"type.googleapis.com/google.cloud.functions.v1.CloudFunction","name":"projects/fir-recipes-6de29/locations/us-central1/functions/dailyCheckRecipePublishDate","eventTrigger":{"eventType":"google.pubsub.topic.publish","resource":"projects/fir-recipes-6de29/topics/firebase-schedule-dailyCheckRecipePublishDate-us-central1","service":"pubsub.googleapis.com","failurePolicy":{}},"status":"ACTIVE","entryPoint":"dailyCheckRecipePublishDate","timeout":"300s","availableMemoryMb":256,"updateTime":"2023-08-30T04:43:09.304Z","versionId":"2","labels":{"deployment-tool":"cli-firebase","deployment-scheduled":"true","firebase-functions-hash":"a3b2b0e21fc3f57b63dc51b194a2e0a7329382d3"},"sourceUploadUrl":"https://storage.googleapis.com/uploads-227472639889.us-central1.cloudfunctions.appspot.com/ba86ff6a-b328-449a-a00d-fb3283e72800.zip?GoogleAccessId=service-891109590366@gcf-admin-robot.iam.gserviceaccount.com&Expires=1693379558&Signature=Ts%2BwP%2BjsEwnnKPoRhLgqDcCVkOY9cPSczkqm%2BGp0GJgfGjpsi2AZvBcyklaVaejPVRwp8l%2BTSI6MgR8vH8VaNGksfoH7t0sT%2FfVCiFNLMvRnjY%2FF95UuANlm31AbHzVZgYKB%2FZw%2B0l4mWkhEXG2QYL2m3XniaY8yH5HM49Apuv1IHRzvWIm%2FR3be8Ej45NhSVvmIeLjFH1VYT%2Bqf5RCHsQa5zYvk6Wq8TeFFSuBqUIkaZnsIGsKJ%2B%2BVUCq1Id7EWyMsL6b5XrOsXjKvGI2anPCNaqxJ%2FeUPvx3%2BzW128PfKgNInIMzMPeDdTvAaqgxibW5J6kssAJ%2B9aI79on5G%2BCA%3D%3D","environmentVariables":{"FIREBASE_CONFIG":"{\"projectId\":\"fir-recipes-6de29\",\"storageBucket\":\"fir-recipes-6de29.appspot.com\",\"locationId\":\"northamerica-northeast1\"}","GCLOUD_PROJECT":"fir-recipes-6de29","EVENTARC_CLOUD_EVENT_SOURCE":"projects/fir-recipes-6de29/locations/us-central1/functions/dailyCheckRecipePublishDate"},"runtime":"nodejs18","buildId":"a795f84b-6b5d-456a-9d4a-8ed88c0dbe30","buildEnvironmentVariables":{"GOOGLE_NODE_RUN_SCRIPTS":""},"buildName":"projects/891109590366/locations/us-central1/builds/a795f84b-6b5d-456a-9d4a-8ed88c0dbe30","dockerRegistry":"ARTIFACT_REGISTRY"},"versionId":"3","updateTime":"2023-08-30T06:42:39Z"}}
[debug] [2023-08-30T06:42:38.457Z] >>> [apiv2][query] GET https://cloudfunctions.googleapis.com/v1/operations/ZmlyLXJlY2lwZXMtNmRlMjkvdXMtY2VudHJhbDEvZGFpbHlDaGVja1JlY2lwZVB1Ymxpc2hEYXRlL2VNeHB2ai1qU21B [none]
[debug] [2023-08-30T06:42:38.633Z] <<< [apiv2][status] GET https://cloudfunctions.googleapis.com/v1/operations/ZmlyLXJlY2lwZXMtNmRlMjkvdXMtY2VudHJhbDEvZGFpbHlDaGVja1JlY2lwZVB1Ymxpc2hEYXRlL2VNeHB2ai1qU21B 200
[debug] [2023-08-30T06:42:38.633Z] <<< [apiv2][body] GET https://cloudfunctions.googleapis.com/v1/operations/ZmlyLXJlY2lwZXMtNmRlMjkvdXMtY2VudHJhbDEvZGFpbHlDaGVja1JlY2lwZVB1Ymxpc2hEYXRlL2VNeHB2ai1qU21B {"name":"operations/ZmlyLXJlY2lwZXMtNmRlMjkvdXMtY2VudHJhbDEvZGFpbHlDaGVja1JlY2lwZVB1Ymxpc2hEYXRlL2VNeHB2ai1qU21B","metadata":{"@type":"type.googleapis.com/google.cloud.functions.v1.OperationMetadataV1","target":"projects/fir-recipes-6de29/locations/us-central1/functions/dailyCheckRecipePublishDate","type":"UPDATE_FUNCTION","request":{"@type":"type.googleapis.com/google.cloud.functions.v1.CloudFunction","name":"projects/fir-recipes-6de29/locations/us-central1/functions/dailyCheckRecipePublishDate","eventTrigger":{"eventType":"google.pubsub.topic.publish","resource":"projects/fir-recipes-6de29/topics/firebase-schedule-dailyCheckRecipePublishDate-us-central1","service":"pubsub.googleapis.com","failurePolicy":{}},"status":"ACTIVE","entryPoint":"dailyCheckRecipePublishDate","timeout":"300s","availableMemoryMb":256,"updateTime":"2023-08-30T04:43:09.304Z","versionId":"2","labels":{"deployment-tool":"cli-firebase","deployment-scheduled":"true","firebase-functions-hash":"a3b2b0e21fc3f57b63dc51b194a2e0a7329382d3"},"sourceUploadUrl":"https://storage.googleapis.com/uploads-227472639889.us-central1.cloudfunctions.appspot.com/ba86ff6a-b328-449a-a00d-fb3283e72800.zip?GoogleAccessId=service-891109590366@gcf-admin-robot.iam.gserviceaccount.com&Expires=1693379558&Signature=Ts%2BwP%2BjsEwnnKPoRhLgqDcCVkOY9cPSczkqm%2BGp0GJgfGjpsi2AZvBcyklaVaejPVRwp8l%2BTSI6MgR8vH8VaNGksfoH7t0sT%2FfVCiFNLMvRnjY%2FF95UuANlm31AbHzVZgYKB%2FZw%2B0l4mWkhEXG2QYL2m3XniaY8yH5HM49Apuv1IHRzvWIm%2FR3be8Ej45NhSVvmIeLjFH1VYT%2Bqf5RCHsQa5zYvk6Wq8TeFFSuBqUIkaZnsIGsKJ%2B%2BVUCq1Id7EWyMsL6b5XrOsXjKvGI2anPCNaqxJ%2FeUPvx3%2BzW128PfKgNInIMzMPeDdTvAaqgxibW5J6kssAJ%2B9aI79on5G%2BCA%3D%3D","environmentVariables":{"FIREBASE_CONFIG":"{\"projectId\":\"fir-recipes-6de29\",\"storageBucket\":\"fir-recipes-6de29.appspot.com\",\"locationId\":\"northamerica-northeast1\"}","GCLOUD_PROJECT":"fir-recipes-6de29","EVENTARC_CLOUD_EVENT_SOURCE":"projects/fir-recipes-6de29/locations/us-central1/functions/dailyCheckRecipePublishDate"},"runtime":"nodejs18","buildId":"a795f84b-6b5d-456a-9d4a-8ed88c0dbe30","buildEnvironmentVariables":{"GOOGLE_NODE_RUN_SCRIPTS":""},"buildName":"projects/891109590366/locations/us-central1/builds/a795f84b-6b5d-456a-9d4a-8ed88c0dbe30","dockerRegistry":"ARTIFACT_REGISTRY"},"versionId":"3","updateTime":"2023-08-30T06:42:39Z"}}
[debug] [2023-08-30T06:42:38.641Z] <<< [apiv2][status] GET https://cloudfunctions.googleapis.com/v1/operations/ZmlyLXJlY2lwZXMtNmRlMjkvdXMtY2VudHJhbDEvYXBpL2pmSXZYNlNKZGZZ 200
[debug] [2023-08-30T06:42:38.642Z] <<< [apiv2][body] GET https://cloudfunctions.googleapis.com/v1/operations/ZmlyLXJlY2lwZXMtNmRlMjkvdXMtY2VudHJhbDEvYXBpL2pmSXZYNlNKZGZZ {"name":"operations/ZmlyLXJlY2lwZXMtNmRlMjkvdXMtY2VudHJhbDEvYXBpL2pmSXZYNlNKZGZZ","metadata":{"@type":"type.googleapis.com/google.cloud.functions.v1.OperationMetadataV1","target":"projects/fir-recipes-6de29/locations/us-central1/functions/api","type":"UPDATE_FUNCTION","request":{"@type":"type.googleapis.com/google.cloud.functions.v1.CloudFunction","name":"projects/fir-recipes-6de29/locations/us-central1/functions/api","httpsTrigger":{"url":"https://us-central1-fir-recipes-6de29.cloudfunctions.net/api","securityLevel":"SECURE_ALWAYS"},"status":"ACTIVE","entryPoint":"api","updateTime":"2023-08-30T04:43:14.392Z","versionId":"1","labels":{"deployment-tool":"cli-firebase","firebase-functions-hash":"a3b2b0e21fc3f57b63dc51b194a2e0a7329382d3"},"sourceUploadUrl":"https://storage.googleapis.com/uploads-227472639889.us-central1.cloudfunctions.appspot.com/ba86ff6a-b328-449a-a00d-fb3283e72800.zip?GoogleAccessId=service-891109590366@gcf-admin-robot.iam.gserviceaccount.com&Expires=1693379558&Signature=Ts%2BwP%2BjsEwnnKPoRhLgqDcCVkOY9cPSczkqm%2BGp0GJgfGjpsi2AZvBcyklaVaejPVRwp8l%2BTSI6MgR8vH8VaNGksfoH7t0sT%2FfVCiFNLMvRnjY%2FF95UuANlm31AbHzVZgYKB%2FZw%2B0l4mWkhEXG2QYL2m3XniaY8yH5HM49Apuv1IHRzvWIm%2FR3be8Ej45NhSVvmIeLjFH1VYT%2Bqf5RCHsQa5zYvk6Wq8TeFFSuBqUIkaZnsIGsKJ%2B%2BVUCq1Id7EWyMsL6b5XrOsXjKvGI2anPCNaqxJ%2FeUPvx3%2BzW128PfKgNInIMzMPeDdTvAaqgxibW5J6kssAJ%2B9aI79on5G%2BCA%3D%3D","environmentVariables":{"FIREBASE_CONFIG":"{\"projectId\":\"fir-recipes-6de29\",\"storageBucket\":\"fir-recipes-6de29.appspot.com\",\"locationId\":\"northamerica-northeast1\"}","GCLOUD_PROJECT":"fir-recipes-6de29","EVENTARC_CLOUD_EVENT_SOURCE":"projects/fir-recipes-6de29/locations/us-central1/functions/api"},"runtime":"nodejs18","buildId":"1b8a2066-0dbb-4680-8bb4-8486d69c1ac0","buildEnvironmentVariables":{"GOOGLE_NODE_RUN_SCRIPTS":""},"buildName":"projects/891109590366/locations/us-central1/builds/1b8a2066-0dbb-4680-8bb4-8486d69c1ac0","dockerRegistry":"ARTIFACT_REGISTRY"},"versionId":"2","updateTime":"2023-08-30T06:42:39Z"}}
[debug] [2023-08-30T06:42:39.138Z] [update-default-us-central1-dailyCheckRecipePublishDate] Retrying task index 0
[debug] [2023-08-30T06:42:39.139Z] >>> [apiv2][query] GET https://cloudfunctions.googleapis.com/v1/operations/ZmlyLXJlY2lwZXMtNmRlMjkvdXMtY2VudHJhbDEvZGFpbHlDaGVja1JlY2lwZVB1Ymxpc2hEYXRlL2VNeHB2ai1qU21B [none]
[debug] [2023-08-30T06:42:39.143Z] [update-default-us-central1-api] Retrying task index 0
[debug] [2023-08-30T06:42:39.143Z] >>> [apiv2][query] GET https://cloudfunctions.googleapis.com/v1/operations/ZmlyLXJlY2lwZXMtNmRlMjkvdXMtY2VudHJhbDEvYXBpL2pmSXZYNlNKZGZZ [none]
[debug] [2023-08-30T06:42:39.285Z] <<< [apiv2][status] GET https://cloudfunctions.googleapis.com/v1/operations/ZmlyLXJlY2lwZXMtNmRlMjkvdXMtY2VudHJhbDEvZGFpbHlDaGVja1JlY2lwZVB1Ymxpc2hEYXRlL2VNeHB2ai1qU21B 200
[debug] [2023-08-30T06:42:39.286Z] <<< [apiv2][body] GET https://cloudfunctions.googleapis.com/v1/operations/ZmlyLXJlY2lwZXMtNmRlMjkvdXMtY2VudHJhbDEvZGFpbHlDaGVja1JlY2lwZVB1Ymxpc2hEYXRlL2VNeHB2ai1qU21B {"name":"operations/ZmlyLXJlY2lwZXMtNmRlMjkvdXMtY2VudHJhbDEvZGFpbHlDaGVja1JlY2lwZVB1Ymxpc2hEYXRlL2VNeHB2ai1qU21B","metadata":{"@type":"type.googleapis.com/google.cloud.functions.v1.OperationMetadataV1","target":"projects/fir-recipes-6de29/locations/us-central1/functions/dailyCheckRecipePublishDate","type":"UPDATE_FUNCTION","request":{"@type":"type.googleapis.com/google.cloud.functions.v1.CloudFunction","name":"projects/fir-recipes-6de29/locations/us-central1/functions/dailyCheckRecipePublishDate","eventTrigger":{"eventType":"google.pubsub.topic.publish","resource":"projects/fir-recipes-6de29/topics/firebase-schedule-dailyCheckRecipePublishDate-us-central1","service":"pubsub.googleapis.com","failurePolicy":{}},"status":"ACTIVE","entryPoint":"dailyCheckRecipePublishDate","timeout":"300s","availableMemoryMb":256,"updateTime":"2023-08-30T04:43:09.304Z","versionId":"2","labels":{"deployment-tool":"cli-firebase","deployment-scheduled":"true","firebase-functions-hash":"a3b2b0e21fc3f57b63dc51b194a2e0a7329382d3"},"sourceUploadUrl":"https://storage.googleapis.com/uploads-227472639889.us-central1.cloudfunctions.appspot.com/ba86ff6a-b328-449a-a00d-fb3283e72800.zip?GoogleAccessId=service-891109590366@gcf-admin-robot.iam.gserviceaccount.com&Expires=1693379558&Signature=Ts%2BwP%2BjsEwnnKPoRhLgqDcCVkOY9cPSczkqm%2BGp0GJgfGjpsi2AZvBcyklaVaejPVRwp8l%2BTSI6MgR8vH8VaNGksfoH7t0sT%2FfVCiFNLMvRnjY%2FF95UuANlm31AbHzVZgYKB%2FZw%2B0l4mWkhEXG2QYL2m3XniaY8yH5HM49Apuv1IHRzvWIm%2FR3be8Ej45NhSVvmIeLjFH1VYT%2Bqf5RCHsQa5zYvk6Wq8TeFFSuBqUIkaZnsIGsKJ%2B%2BVUCq1Id7EWyMsL6b5XrOsXjKvGI2anPCNaqxJ%2FeUPvx3%2BzW128PfKgNInIMzMPeDdTvAaqgxibW5J6kssAJ%2B9aI79on5G%2BCA%3D%3D","environmentVariables":{"FIREBASE_CONFIG":"{\"projectId\":\"fir-recipes-6de29\",\"storageBucket\":\"fir-recipes-6de29.appspot.com\",\"locationId\":\"northamerica-northeast1\"}","GCLOUD_PROJECT":"fir-recipes-6de29","EVENTARC_CLOUD_EVENT_SOURCE":"projects/fir-recipes-6de29/locations/us-central1/functions/dailyCheckRecipePublishDate"},"runtime":"nodejs18","buildId":"a795f84b-6b5d-456a-9d4a-8ed88c0dbe30","buildEnvironmentVariables":{"GOOGLE_NODE_RUN_SCRIPTS":""},"buildName":"projects/891109590366/locations/us-central1/builds/a795f84b-6b5d-456a-9d4a-8ed88c0dbe30","dockerRegistry":"ARTIFACT_REGISTRY"},"versionId":"3","updateTime":"2023-08-30T06:42:39Z","buildId":"09ed24e5-7f15-43e6-955f-b003e89aa55c","buildName":"projects/891109590366/locations/us-central1/builds/09ed24e5-7f15-43e6-955f-b003e89aa55c"}}
[debug] [2023-08-30T06:42:39.336Z] <<< [apiv2][status] GET https://cloudfunctions.googleapis.com/v1/operations/ZmlyLXJlY2lwZXMtNmRlMjkvdXMtY2VudHJhbDEvYXBpL2pmSXZYNlNKZGZZ 200
[debug] [2023-08-30T06:42:39.337Z] <<< [apiv2][body] GET https://cloudfunctions.googleapis.com/v1/operations/ZmlyLXJlY2lwZXMtNmRlMjkvdXMtY2VudHJhbDEvYXBpL2pmSXZYNlNKZGZZ {"name":"operations/ZmlyLXJlY2lwZXMtNmRlMjkvdXMtY2VudHJhbDEvYXBpL2pmSXZYNlNKZGZZ","metadata":{"@type":"type.googleapis.com/google.cloud.functions.v1.OperationMetadataV1","target":"projects/fir-recipes-6de29/locations/us-central1/functions/api","type":"UPDATE_FUNCTION","request":{"@type":"type.googleapis.com/google.cloud.functions.v1.CloudFunction","name":"projects/fir-recipes-6de29/locations/us-central1/functions/api","httpsTrigger":{"url":"https://us-central1-fir-recipes-6de29.cloudfunctions.net/api","securityLevel":"SECURE_ALWAYS"},"status":"ACTIVE","entryPoint":"api","updateTime":"2023-08-30T04:43:14.392Z","versionId":"1","labels":{"deployment-tool":"cli-firebase","firebase-functions-hash":"a3b2b0e21fc3f57b63dc51b194a2e0a7329382d3"},"sourceUploadUrl":"https://storage.googleapis.com/uploads-227472639889.us-central1.cloudfunctions.appspot.com/ba86ff6a-b328-449a-a00d-fb3283e72800.zip?GoogleAccessId=service-891109590366@gcf-admin-robot.iam.gserviceaccount.com&Expires=1693379558&Signature=Ts%2BwP%2BjsEwnnKPoRhLgqDcCVkOY9cPSczkqm%2BGp0GJgfGjpsi2AZvBcyklaVaejPVRwp8l%2BTSI6MgR8vH8VaNGksfoH7t0sT%2FfVCiFNLMvRnjY%2FF95UuANlm31AbHzVZgYKB%2FZw%2B0l4mWkhEXG2QYL2m3XniaY8yH5HM49Apuv1IHRzvWIm%2FR3be8Ej45NhSVvmIeLjFH1VYT%2Bqf5RCHsQa5zYvk6Wq8TeFFSuBqUIkaZnsIGsKJ%2B%2BVUCq1Id7EWyMsL6b5XrOsXjKvGI2anPCNaqxJ%2FeUPvx3%2BzW128PfKgNInIMzMPeDdTvAaqgxibW5J6kssAJ%2B9aI79on5G%2BCA%3D%3D","environmentVariables":{"FIREBASE_CONFIG":"{\"projectId\":\"fir-recipes-6de29\",\"storageBucket\":\"fir-recipes-6de29.appspot.com\",\"locationId\":\"northamerica-northeast1\"}","GCLOUD_PROJECT":"fir-recipes-6de29","EVENTARC_CLOUD_EVENT_SOURCE":"projects/fir-recipes-6de29/locations/us-central1/functions/api"},"runtime":"nodejs18","buildId":"1b8a2066-0dbb-4680-8bb4-8486d69c1ac0","buildEnvironmentVariables":{"GOOGLE_NODE_RUN_SCRIPTS":""},"buildName":"projects/891109590366/locations/us-central1/builds/1b8a2066-0dbb-4680-8bb4-8486d69c1ac0","dockerRegistry":"ARTIFACT_REGISTRY"},"versionId":"2","updateTime":"2023-08-30T06:42:39Z","buildId":"55295090-d056-44f4-9b79-186cdd357309","buildName":"projects/891109590366/locations/us-central1/builds/55295090-d056-44f4-9b79-186cdd357309"}}
[debug] [2023-08-30T06:42:40.289Z] [update-default-us-central1-dailyCheckRecipePublishDate] Retrying task index 0
[debug] [2023-08-30T06:42:40.290Z] >>> [apiv2][query] GET https://cloudfunctions.googleapis.com/v1/operations/ZmlyLXJlY2lwZXMtNmRlMjkvdXMtY2VudHJhbDEvZGFpbHlDaGVja1JlY2lwZVB1Ymxpc2hEYXRlL2VNeHB2ai1qU21B [none]
[debug] [2023-08-30T06:42:40.350Z] [update-default-us-central1-api] Retrying task index 0
[debug] [2023-08-30T06:42:40.351Z] >>> [apiv2][query] GET https://cloudfunctions.googleapis.com/v1/operations/ZmlyLXJlY2lwZXMtNmRlMjkvdXMtY2VudHJhbDEvYXBpL2pmSXZYNlNKZGZZ [none]
[debug] [2023-08-30T06:42:40.455Z] <<< [apiv2][status] GET https://cloudfunctions.googleapis.com/v1/operations/ZmlyLXJlY2lwZXMtNmRlMjkvdXMtY2VudHJhbDEvZGFpbHlDaGVja1JlY2lwZVB1Ymxpc2hEYXRlL2VNeHB2ai1qU21B 200
[debug] [2023-08-30T06:42:40.456Z] <<< [apiv2][body] GET https://cloudfunctions.googleapis.com/v1/operations/ZmlyLXJlY2lwZXMtNmRlMjkvdXMtY2VudHJhbDEvZGFpbHlDaGVja1JlY2lwZVB1Ymxpc2hEYXRlL2VNeHB2ai1qU21B {"name":"operations/ZmlyLXJlY2lwZXMtNmRlMjkvdXMtY2VudHJhbDEvZGFpbHlDaGVja1JlY2lwZVB1Ymxpc2hEYXRlL2VNeHB2ai1qU21B","metadata":{"@type":"type.googleapis.com/google.cloud.functions.v1.OperationMetadataV1","target":"projects/fir-recipes-6de29/locations/us-central1/functions/dailyCheckRecipePublishDate","type":"UPDATE_FUNCTION","request":{"@type":"type.googleapis.com/google.cloud.functions.v1.CloudFunction","name":"projects/fir-recipes-6de29/locations/us-central1/functions/dailyCheckRecipePublishDate","eventTrigger":{"eventType":"google.pubsub.topic.publish","resource":"projects/fir-recipes-6de29/topics/firebase-schedule-dailyCheckRecipePublishDate-us-central1","service":"pubsub.googleapis.com","failurePolicy":{}},"status":"ACTIVE","entryPoint":"dailyCheckRecipePublishDate","timeout":"300s","availableMemoryMb":256,"updateTime":"2023-08-30T04:43:09.304Z","versionId":"2","labels":{"deployment-tool":"cli-firebase","deployment-scheduled":"true","firebase-functions-hash":"a3b2b0e21fc3f57b63dc51b194a2e0a7329382d3"},"sourceUploadUrl":"https://storage.googleapis.com/uploads-227472639889.us-central1.cloudfunctions.appspot.com/ba86ff6a-b328-449a-a00d-fb3283e72800.zip?GoogleAccessId=service-891109590366@gcf-admin-robot.iam.gserviceaccount.com&Expires=1693379558&Signature=Ts%2BwP%2BjsEwnnKPoRhLgqDcCVkOY9cPSczkqm%2BGp0GJgfGjpsi2AZvBcyklaVaejPVRwp8l%2BTSI6MgR8vH8VaNGksfoH7t0sT%2FfVCiFNLMvRnjY%2FF95UuANlm31AbHzVZgYKB%2FZw%2B0l4mWkhEXG2QYL2m3XniaY8yH5HM49Apuv1IHRzvWIm%2FR3be8Ej45NhSVvmIeLjFH1VYT%2Bqf5RCHsQa5zYvk6Wq8TeFFSuBqUIkaZnsIGsKJ%2B%2BVUCq1Id7EWyMsL6b5XrOsXjKvGI2anPCNaqxJ%2FeUPvx3%2BzW128PfKgNInIMzMPeDdTvAaqgxibW5J6kssAJ%2B9aI79on5G%2BCA%3D%3D","environmentVariables":{"FIREBASE_CONFIG":"{\"projectId\":\"fir-recipes-6de29\",\"storageBucket\":\"fir-recipes-6de29.appspot.com\",\"locationId\":\"northamerica-northeast1\"}","GCLOUD_PROJECT":"fir-recipes-6de29","EVENTARC_CLOUD_EVENT_SOURCE":"projects/fir-recipes-6de29/locations/us-central1/functions/dailyCheckRecipePublishDate"},"runtime":"nodejs18","buildId":"a795f84b-6b5d-456a-9d4a-8ed88c0dbe30","buildEnvironmentVariables":{"GOOGLE_NODE_RUN_SCRIPTS":""},"buildName":"projects/891109590366/locations/us-central1/builds/a795f84b-6b5d-456a-9d4a-8ed88c0dbe30","dockerRegistry":"ARTIFACT_REGISTRY"},"versionId":"3","updateTime":"2023-08-30T06:42:39Z","buildId":"09ed24e5-7f15-43e6-955f-b003e89aa55c","buildName":"projects/891109590366/locations/us-central1/builds/09ed24e5-7f15-43e6-955f-b003e89aa55c"}}
[debug] [2023-08-30T06:42:40.516Z] <<< [apiv2][status] GET https://cloudfunctions.googleapis.com/v1/operations/ZmlyLXJlY2lwZXMtNmRlMjkvdXMtY2VudHJhbDEvYXBpL2pmSXZYNlNKZGZZ 200
[debug] [2023-08-30T06:42:40.516Z] <<< [apiv2][body] GET https://cloudfunctions.googleapis.com/v1/operations/ZmlyLXJlY2lwZXMtNmRlMjkvdXMtY2VudHJhbDEvYXBpL2pmSXZYNlNKZGZZ {"name":"operations/ZmlyLXJlY2lwZXMtNmRlMjkvdXMtY2VudHJhbDEvYXBpL2pmSXZYNlNKZGZZ","metadata":{"@type":"type.googleapis.com/google.cloud.functions.v1.OperationMetadataV1","target":"projects/fir-recipes-6de29/locations/us-central1/functions/api","type":"UPDATE_FUNCTION","request":{"@type":"type.googleapis.com/google.cloud.functions.v1.CloudFunction","name":"projects/fir-recipes-6de29/locations/us-central1/functions/api","httpsTrigger":{"url":"https://us-central1-fir-recipes-6de29.cloudfunctions.net/api","securityLevel":"SECURE_ALWAYS"},"status":"ACTIVE","entryPoint":"api","updateTime":"2023-08-30T04:43:14.392Z","versionId":"1","labels":{"deployment-tool":"cli-firebase","firebase-functions-hash":"a3b2b0e21fc3f57b63dc51b194a2e0a7329382d3"},"sourceUploadUrl":"https://storage.googleapis.com/uploads-227472639889.us-central1.cloudfunctions.appspot.com/ba86ff6a-b328-449a-a00d-fb3283e72800.zip?GoogleAccessId=service-891109590366@gcf-admin-robot.iam.gserviceaccount.com&Expires=1693379558&Signature=Ts%2BwP%2BjsEwnnKPoRhLgqDcCVkOY9cPSczkqm%2BGp0GJgfGjpsi2AZvBcyklaVaejPVRwp8l%2BTSI6MgR8vH8VaNGksfoH7t0sT%2FfVCiFNLMvRnjY%2FF95UuANlm31AbHzVZgYKB%2FZw%2B0l4mWkhEXG2QYL2m3XniaY8yH5HM49Apuv1IHRzvWIm%2FR3be8Ej45NhSVvmIeLjFH1VYT%2Bqf5RCHsQa5zYvk6Wq8TeFFSuBqUIkaZnsIGsKJ%2B%2BVUCq1Id7EWyMsL6b5XrOsXjKvGI2anPCNaqxJ%2FeUPvx3%2BzW128PfKgNInIMzMPeDdTvAaqgxibW5J6kssAJ%2B9aI79on5G%2BCA%3D%3D","environmentVariables":{"FIREBASE_CONFIG":"{\"projectId\":\"fir-recipes-6de29\",\"storageBucket\":\"fir-recipes-6de29.appspot.com\",\"locationId\":\"northamerica-northeast1\"}","GCLOUD_PROJECT":"fir-recipes-6de29","EVENTARC_CLOUD_EVENT_SOURCE":"projects/fir-recipes-6de29/locations/us-central1/functions/api"},"runtime":"nodejs18","buildId":"1b8a2066-0dbb-4680-8bb4-8486d69c1ac0","buildEnvironmentVariables":{"GOOGLE_NODE_RUN_SCRIPTS":""},"buildName":"projects/891109590366/locations/us-central1/builds/1b8a2066-0dbb-4680-8bb4-8486d69c1ac0","dockerRegistry":"ARTIFACT_REGISTRY"},"versionId":"2","updateTime":"2023-08-30T06:42:39Z","buildId":"55295090-d056-44f4-9b79-186cdd357309","buildName":"projects/891109590366/locations/us-central1/builds/55295090-d056-44f4-9b79-186cdd357309"}}
[debug] [2023-08-30T06:42:42.472Z] [update-default-us-central1-dailyCheckRecipePublishDate] Retrying task index 0
[debug] [2023-08-30T06:42:42.473Z] >>> [apiv2][query] GET https://cloudfunctions.googleapis.com/v1/operations/ZmlyLXJlY2lwZXMtNmRlMjkvdXMtY2VudHJhbDEvZGFpbHlDaGVja1JlY2lwZVB1Ymxpc2hEYXRlL2VNeHB2ai1qU21B [none]
[debug] [2023-08-30T06:42:42.518Z] [update-default-us-central1-api] Retrying task index 0
[debug] [2023-08-30T06:42:42.519Z] >>> [apiv2][query] GET https://cloudfunctions.googleapis.com/v1/operations/ZmlyLXJlY2lwZXMtNmRlMjkvdXMtY2VudHJhbDEvYXBpL2pmSXZYNlNKZGZZ [none]
[debug] [2023-08-30T06:42:42.636Z] <<< [apiv2][status] GET https://cloudfunctions.googleapis.com/v1/operations/ZmlyLXJlY2lwZXMtNmRlMjkvdXMtY2VudHJhbDEvZGFpbHlDaGVja1JlY2lwZVB1Ymxpc2hEYXRlL2VNeHB2ai1qU21B 200
[debug] [2023-08-30T06:42:42.637Z] <<< [apiv2][body] GET https://cloudfunctions.googleapis.com/v1/operations/ZmlyLXJlY2lwZXMtNmRlMjkvdXMtY2VudHJhbDEvZGFpbHlDaGVja1JlY2lwZVB1Ymxpc2hEYXRlL2VNeHB2ai1qU21B {"name":"operations/ZmlyLXJlY2lwZXMtNmRlMjkvdXMtY2VudHJhbDEvZGFpbHlDaGVja1JlY2lwZVB1Ymxpc2hEYXRlL2VNeHB2ai1qU21B","metadata":{"@type":"type.googleapis.com/google.cloud.functions.v1.OperationMetadataV1","target":"projects/fir-recipes-6de29/locations/us-central1/functions/dailyCheckRecipePublishDate","type":"UPDATE_FUNCTION","request":{"@type":"type.googleapis.com/google.cloud.functions.v1.CloudFunction","name":"projects/fir-recipes-6de29/locations/us-central1/functions/dailyCheckRecipePublishDate","eventTrigger":{"eventType":"google.pubsub.topic.publish","resource":"projects/fir-recipes-6de29/topics/firebase-schedule-dailyCheckRecipePublishDate-us-central1","service":"pubsub.googleapis.com","failurePolicy":{}},"status":"ACTIVE","entryPoint":"dailyCheckRecipePublishDate","timeout":"300s","availableMemoryMb":256,"updateTime":"2023-08-30T04:43:09.304Z","versionId":"2","labels":{"deployment-tool":"cli-firebase","deployment-scheduled":"true","firebase-functions-hash":"a3b2b0e21fc3f57b63dc51b194a2e0a7329382d3"},"sourceUploadUrl":"https://storage.googleapis.com/uploads-227472639889.us-central1.cloudfunctions.appspot.com/ba86ff6a-b328-449a-a00d-fb3283e72800.zip?GoogleAccessId=service-891109590366@gcf-admin-robot.iam.gserviceaccount.com&Expires=1693379558&Signature=Ts%2BwP%2BjsEwnnKPoRhLgqDcCVkOY9cPSczkqm%2BGp0GJgfGjpsi2AZvBcyklaVaejPVRwp8l%2BTSI6MgR8vH8VaNGksfoH7t0sT%2FfVCiFNLMvRnjY%2FF95UuANlm31AbHzVZgYKB%2FZw%2B0l4mWkhEXG2QYL2m3XniaY8yH5HM49Apuv1IHRzvWIm%2FR3be8Ej45NhSVvmIeLjFH1VYT%2Bqf5RCHsQa5zYvk6Wq8TeFFSuBqUIkaZnsIGsKJ%2B%2BVUCq1Id7EWyMsL6b5XrOsXjKvGI2anPCNaqxJ%2FeUPvx3%2BzW128PfKgNInIMzMPeDdTvAaqgxibW5J6kssAJ%2B9aI79on5G%2BCA%3D%3D","environmentVariables":{"FIREBASE_CONFIG":"{\"projectId\":\"fir-recipes-6de29\",\"storageBucket\":\"fir-recipes-6de29.appspot.com\",\"locationId\":\"northamerica-northeast1\"}","GCLOUD_PROJECT":"fir-recipes-6de29","EVENTARC_CLOUD_EVENT_SOURCE":"projects/fir-recipes-6de29/locations/us-central1/functions/dailyCheckRecipePublishDate"},"runtime":"nodejs18","buildId":"a795f84b-6b5d-456a-9d4a-8ed88c0dbe30","buildEnvironmentVariables":{"GOOGLE_NODE_RUN_SCRIPTS":""},"buildName":"projects/891109590366/locations/us-central1/builds/a795f84b-6b5d-456a-9d4a-8ed88c0dbe30","dockerRegistry":"ARTIFACT_REGISTRY"},"versionId":"3","updateTime":"2023-08-30T06:42:39Z","buildId":"09ed24e5-7f15-43e6-955f-b003e89aa55c","buildName":"projects/891109590366/locations/us-central1/builds/09ed24e5-7f15-43e6-955f-b003e89aa55c"}}
[debug] [2023-08-30T06:42:42.683Z] <<< [apiv2][status] GET https://cloudfunctions.googleapis.com/v1/operations/ZmlyLXJlY2lwZXMtNmRlMjkvdXMtY2VudHJhbDEvYXBpL2pmSXZYNlNKZGZZ 200
[debug] [2023-08-30T06:42:42.684Z] <<< [apiv2][body] GET https://cloudfunctions.googleapis.com/v1/operations/ZmlyLXJlY2lwZXMtNmRlMjkvdXMtY2VudHJhbDEvYXBpL2pmSXZYNlNKZGZZ {"name":"operations/ZmlyLXJlY2lwZXMtNmRlMjkvdXMtY2VudHJhbDEvYXBpL2pmSXZYNlNKZGZZ","metadata":{"@type":"type.googleapis.com/google.cloud.functions.v1.OperationMetadataV1","target":"projects/fir-recipes-6de29/locations/us-central1/functions/api","type":"UPDATE_FUNCTION","request":{"@type":"type.googleapis.com/google.cloud.functions.v1.CloudFunction","name":"projects/fir-recipes-6de29/locations/us-central1/functions/api","httpsTrigger":{"url":"https://us-central1-fir-recipes-6de29.cloudfunctions.net/api","securityLevel":"SECURE_ALWAYS"},"status":"ACTIVE","entryPoint":"api","updateTime":"2023-08-30T04:43:14.392Z","versionId":"1","labels":{"deployment-tool":"cli-firebase","firebase-functions-hash":"a3b2b0e21fc3f57b63dc51b194a2e0a7329382d3"},"sourceUploadUrl":"https://storage.googleapis.com/uploads-227472639889.us-central1.cloudfunctions.appspot.com/ba86ff6a-b328-449a-a00d-fb3283e72800.zip?GoogleAccessId=service-891109590366@gcf-admin-robot.iam.gserviceaccount.com&Expires=1693379558&Signature=Ts%2BwP%2BjsEwnnKPoRhLgqDcCVkOY9cPSczkqm%2BGp0GJgfGjpsi2AZvBcyklaVaejPVRwp8l%2BTSI6MgR8vH8VaNGksfoH7t0sT%2FfVCiFNLMvRnjY%2FF95UuANlm31AbHzVZgYKB%2FZw%2B0l4mWkhEXG2QYL2m3XniaY8yH5HM49Apuv1IHRzvWIm%2FR3be8Ej45NhSVvmIeLjFH1VYT%2Bqf5RCHsQa5zYvk6Wq8TeFFSuBqUIkaZnsIGsKJ%2B%2BVUCq1Id7EWyMsL6b5XrOsXjKvGI2anPCNaqxJ%2FeUPvx3%2BzW128PfKgNInIMzMPeDdTvAaqgxibW5J6kssAJ%2B9aI79on5G%2BCA%3D%3D","environmentVariables":{"FIREBASE_CONFIG":"{\"projectId\":\"fir-recipes-6de29\",\"storageBucket\":\"fir-recipes-6de29.appspot.com\",\"locationId\":\"northamerica-northeast1\"}","GCLOUD_PROJECT":"fir-recipes-6de29","EVENTARC_CLOUD_EVENT_SOURCE":"projects/fir-recipes-6de29/locations/us-central1/functions/api"},"runtime":"nodejs18","buildId":"1b8a2066-0dbb-4680-8bb4-8486d69c1ac0","buildEnvironmentVariables":{"GOOGLE_NODE_RUN_SCRIPTS":""},"buildName":"projects/891109590366/locations/us-central1/builds/1b8a2066-0dbb-4680-8bb4-8486d69c1ac0","dockerRegistry":"ARTIFACT_REGISTRY"},"versionId":"2","updateTime":"2023-08-30T06:42:39Z","buildId":"55295090-d056-44f4-9b79-186cdd357309","buildName":"projects/891109590366/locations/us-central1/builds/55295090-d056-44f4-9b79-186cdd357309"}}
[debug] [2023-08-30T06:42:46.644Z] [update-default-us-central1-dailyCheckRecipePublishDate] Retrying task index 0
[debug] [2023-08-30T06:42:46.645Z] >>> [apiv2][query] GET https://cloudfunctions.googleapis.com/v1/operations/ZmlyLXJlY2lwZXMtNmRlMjkvdXMtY2VudHJhbDEvZGFpbHlDaGVja1JlY2lwZVB1Ymxpc2hEYXRlL2VNeHB2ai1qU21B [none]
[debug] [2023-08-30T06:42:46.691Z] [update-default-us-central1-api] Retrying task index 0
[debug] [2023-08-30T06:42:46.691Z] >>> [apiv2][query] GET https://cloudfunctions.googleapis.com/v1/operations/ZmlyLXJlY2lwZXMtNmRlMjkvdXMtY2VudHJhbDEvYXBpL2pmSXZYNlNKZGZZ [none]
[debug] [2023-08-30T06:42:46.825Z] <<< [apiv2][status] GET https://cloudfunctions.googleapis.com/v1/operations/ZmlyLXJlY2lwZXMtNmRlMjkvdXMtY2VudHJhbDEvZGFpbHlDaGVja1JlY2lwZVB1Ymxpc2hEYXRlL2VNeHB2ai1qU21B 200
[debug] [2023-08-30T06:42:46.825Z] <<< [apiv2][body] GET https://cloudfunctions.googleapis.com/v1/operations/ZmlyLXJlY2lwZXMtNmRlMjkvdXMtY2VudHJhbDEvZGFpbHlDaGVja1JlY2lwZVB1Ymxpc2hEYXRlL2VNeHB2ai1qU21B {"name":"operations/ZmlyLXJlY2lwZXMtNmRlMjkvdXMtY2VudHJhbDEvZGFpbHlDaGVja1JlY2lwZVB1Ymxpc2hEYXRlL2VNeHB2ai1qU21B","metadata":{"@type":"type.googleapis.com/google.cloud.functions.v1.OperationMetadataV1","target":"projects/fir-recipes-6de29/locations/us-central1/functions/dailyCheckRecipePublishDate","type":"UPDATE_FUNCTION","request":{"@type":"type.googleapis.com/google.cloud.functions.v1.CloudFunction","name":"projects/fir-recipes-6de29/locations/us-central1/functions/dailyCheckRecipePublishDate","eventTrigger":{"eventType":"google.pubsub.topic.publish","resource":"projects/fir-recipes-6de29/topics/firebase-schedule-dailyCheckRecipePublishDate-us-central1","service":"pubsub.googleapis.com","failurePolicy":{}},"status":"ACTIVE","entryPoint":"dailyCheckRecipePublishDate","timeout":"300s","availableMemoryMb":256,"updateTime":"2023-08-30T04:43:09.304Z","versionId":"2","labels":{"deployment-tool":"cli-firebase","deployment-scheduled":"true","firebase-functions-hash":"a3b2b0e21fc3f57b63dc51b194a2e0a7329382d3"},"sourceUploadUrl":"https://storage.googleapis.com/uploads-227472639889.us-central1.cloudfunctions.appspot.com/ba86ff6a-b328-449a-a00d-fb3283e72800.zip?GoogleAccessId=service-891109590366@gcf-admin-robot.iam.gserviceaccount.com&Expires=1693379558&Signature=Ts%2BwP%2BjsEwnnKPoRhLgqDcCVkOY9cPSczkqm%2BGp0GJgfGjpsi2AZvBcyklaVaejPVRwp8l%2BTSI6MgR8vH8VaNGksfoH7t0sT%2FfVCiFNLMvRnjY%2FF95UuANlm31AbHzVZgYKB%2FZw%2B0l4mWkhEXG2QYL2m3XniaY8yH5HM49Apuv1IHRzvWIm%2FR3be8Ej45NhSVvmIeLjFH1VYT%2Bqf5RCHsQa5zYvk6Wq8TeFFSuBqUIkaZnsIGsKJ%2B%2BVUCq1Id7EWyMsL6b5XrOsXjKvGI2anPCNaqxJ%2FeUPvx3%2BzW128PfKgNInIMzMPeDdTvAaqgxibW5J6kssAJ%2B9aI79on5G%2BCA%3D%3D","environmentVariables":{"FIREBASE_CONFIG":"{\"projectId\":\"fir-recipes-6de29\",\"storageBucket\":\"fir-recipes-6de29.appspot.com\",\"locationId\":\"northamerica-northeast1\"}","GCLOUD_PROJECT":"fir-recipes-6de29","EVENTARC_CLOUD_EVENT_SOURCE":"projects/fir-recipes-6de29/locations/us-central1/functions/dailyCheckRecipePublishDate"},"runtime":"nodejs18","buildId":"a795f84b-6b5d-456a-9d4a-8ed88c0dbe30","buildEnvironmentVariables":{"GOOGLE_NODE_RUN_SCRIPTS":""},"buildName":"projects/891109590366/locations/us-central1/builds/a795f84b-6b5d-456a-9d4a-8ed88c0dbe30","dockerRegistry":"ARTIFACT_REGISTRY"},"versionId":"3","updateTime":"2023-08-30T06:42:39Z","buildId":"09ed24e5-7f15-43e6-955f-b003e89aa55c","buildName":"projects/891109590366/locations/us-central1/builds/09ed24e5-7f15-43e6-955f-b003e89aa55c"}}
[debug] [2023-08-30T06:42:46.874Z] <<< [apiv2][status] GET https://cloudfunctions.googleapis.com/v1/operations/ZmlyLXJlY2lwZXMtNmRlMjkvdXMtY2VudHJhbDEvYXBpL2pmSXZYNlNKZGZZ 200
[debug] [2023-08-30T06:42:46.874Z] <<< [apiv2][body] GET https://cloudfunctions.googleapis.com/v1/operations/ZmlyLXJlY2lwZXMtNmRlMjkvdXMtY2VudHJhbDEvYXBpL2pmSXZYNlNKZGZZ {"name":"operations/ZmlyLXJlY2lwZXMtNmRlMjkvdXMtY2VudHJhbDEvYXBpL2pmSXZYNlNKZGZZ","metadata":{"@type":"type.googleapis.com/google.cloud.functions.v1.OperationMetadataV1","target":"projects/fir-recipes-6de29/locations/us-central1/functions/api","type":"UPDATE_FUNCTION","request":{"@type":"type.googleapis.com/google.cloud.functions.v1.CloudFunction","name":"projects/fir-recipes-6de29/locations/us-central1/functions/api","httpsTrigger":{"url":"https://us-central1-fir-recipes-6de29.cloudfunctions.net/api","securityLevel":"SECURE_ALWAYS"},"status":"ACTIVE","entryPoint":"api","updateTime":"2023-08-30T04:43:14.392Z","versionId":"1","labels":{"deployment-tool":"cli-firebase","firebase-functions-hash":"a3b2b0e21fc3f57b63dc51b194a2e0a7329382d3"},"sourceUploadUrl":"https://storage.googleapis.com/uploads-227472639889.us-central1.cloudfunctions.appspot.com/ba86ff6a-b328-449a-a00d-fb3283e72800.zip?GoogleAccessId=service-891109590366@gcf-admin-robot.iam.gserviceaccount.com&Expires=1693379558&Signature=Ts%2BwP%2BjsEwnnKPoRhLgqDcCVkOY9cPSczkqm%2BGp0GJgfGjpsi2AZvBcyklaVaejPVRwp8l%2BTSI6MgR8vH8VaNGksfoH7t0sT%2FfVCiFNLMvRnjY%2FF95UuANlm31AbHzVZgYKB%2FZw%2B0l4mWkhEXG2QYL2m3XniaY8yH5HM49Apuv1IHRzvWIm%2FR3be8Ej45NhSVvmIeLjFH1VYT%2Bqf5RCHsQa5zYvk6Wq8TeFFSuBqUIkaZnsIGsKJ%2B%2BVUCq1Id7EWyMsL6b5XrOsXjKvGI2anPCNaqxJ%2FeUPvx3%2BzW128PfKgNInIMzMPeDdTvAaqgxibW5J6kssAJ%2B9aI79on5G%2BCA%3D%3D","environmentVariables":{"FIREBASE_CONFIG":"{\"projectId\":\"fir-recipes-6de29\",\"storageBucket\":\"fir-recipes-6de29.appspot.com\",\"locationId\":\"northamerica-northeast1\"}","GCLOUD_PROJECT":"fir-recipes-6de29","EVENTARC_CLOUD_EVENT_SOURCE":"projects/fir-recipes-6de29/locations/us-central1/functions/api"},"runtime":"nodejs18","buildId":"1b8a2066-0dbb-4680-8bb4-8486d69c1ac0","buildEnvironmentVariables":{"GOOGLE_NODE_RUN_SCRIPTS":""},"buildName":"projects/891109590366/locations/us-central1/builds/1b8a2066-0dbb-4680-8bb4-8486d69c1ac0","dockerRegistry":"ARTIFACT_REGISTRY"},"versionId":"2","updateTime":"2023-08-30T06:42:39Z","buildId":"55295090-d056-44f4-9b79-186cdd357309","buildName":"projects/891109590366/locations/us-central1/builds/55295090-d056-44f4-9b79-186cdd357309"}}
